<?xml version="1.0" encoding="UTF-8"?>
<coverage generated="1560804685329" clover="3.2.0">
  <project timestamp="1560804685330" name="All files">
    <metrics statements="67" coveredstatements="61" conditionals="8" coveredconditionals="8" methods="31" coveredmethods="28" elements="106" coveredelements="97" complexity="0" loc="67" ncloc="67" packages="1" files="3" classes="3"/>
    <file name="index.js" path="/home/marjorie/Documentos/md-links/LIM009-fe-md-links/src/index.js">
      <metrics statements="46" coveredstatements="40" conditionals="2" coveredconditionals="2" methods="23" coveredmethods="20"/>
      <line num="4" count="1" type="stmt"/>
      <line num="7" count="1" type="stmt"/>
      <line num="8" count="2" type="stmt"/>
      <line num="11" count="1" type="stmt"/>
      <line num="12" count="1" type="stmt"/>
      <line num="15" count="1" type="stmt"/>
      <line num="16" count="12" type="stmt"/>
      <line num="18" count="12" type="stmt"/>
      <line num="22" count="1" type="stmt"/>
      <line num="23" count="1" type="stmt"/>
      <line num="27" count="1" type="stmt"/>
      <line num="28" count="1" type="stmt"/>
      <line num="30" count="1" type="stmt"/>
      <line num="37" count="1" type="stmt"/>
      <line num="38" count="5" type="stmt"/>
      <line num="44" count="1" type="stmt"/>
      <line num="45" count="6" type="stmt"/>
      <line num="51" count="1" type="stmt"/>
      <line num="52" count="11" type="stmt"/>
      <line num="53" count="11" type="stmt"/>
      <line num="54" count="11" type="cond" truecount="2" falsecount="0"/>
      <line num="55" count="7" type="stmt"/>
      <line num="56" count="7" type="stmt"/>
      <line num="59" count="4" type="stmt"/>
      <line num="61" count="4" type="stmt"/>
      <line num="62" count="10" type="stmt"/>
      <line num="63" count="10" type="stmt"/>
      <line num="65" count="4" type="stmt"/>
      <line num="71" count="11" type="stmt"/>
      <line num="78" count="1" type="stmt"/>
      <line num="79" count="1" type="stmt"/>
      <line num="80" count="2" type="stmt"/>
      <line num="82" count="1" type="stmt"/>
      <line num="88" count="1" type="stmt"/>
      <line num="89" count="3" type="stmt"/>
      <line num="90" count="5" type="stmt"/>
      <line num="91" count="5" type="stmt"/>
      <line num="92" count="5" type="stmt"/>
      <line num="93" count="0" type="stmt"/>
      <line num="94" count="0" type="stmt"/>
      <line num="95" count="0" type="stmt"/>
      <line num="101" count="0" type="stmt"/>
      <line num="102" count="0" type="stmt"/>
      <line num="105" count="5" type="stmt"/>
      <line num="107" count="3" type="stmt"/>
      <line num="108" count="0" type="stmt"/>
    </file>
    <file name="stats.js" path="/home/marjorie/Documentos/md-links/LIM009-fe-md-links/src/stats.js">
      <metrics statements="9" coveredstatements="9" conditionals="2" coveredconditionals="2" methods="3" coveredmethods="3"/>
      <line num="1" count="1" type="stmt"/>
      <line num="2" count="6" type="stmt"/>
      <line num="3" count="2" type="cond" truecount="2" falsecount="0"/>
      <line num="4" count="1" type="stmt"/>
      <line num="5" count="3" type="stmt"/>
      <line num="7" count="1" type="stmt"/>
      <line num="12" count="1" type="stmt"/>
      <line num="14" count="1" type="stmt"/>
      <line num="18" count="1" type="stmt"/>
    </file>
    <file name="validate.js" path="/home/marjorie/Documentos/md-links/LIM009-fe-md-links/src/validate.js">
      <metrics statements="12" coveredstatements="12" conditionals="4" coveredconditionals="4" methods="5" coveredmethods="5"/>
      <line num="3" count="1" type="stmt"/>
      <line num="4" count="3" type="stmt"/>
      <line num="5" count="3" type="stmt"/>
      <line num="6" count="3" type="stmt"/>
      <line num="8" count="2" type="cond" truecount="4" falsecount="0"/>
      <line num="9" count="1" type="stmt"/>
      <line num="11" count="1" type="stmt"/>
      <line num="15" count="1" type="stmt"/>
      <line num="17" count="1" type="stmt"/>
      <line num="21" count="1" type="stmt"/>
      <line num="23" count="1" type="stmt"/>
      <line num="27" count="3" type="stmt"/>
    </file>
  </project>
</coverage>
