{"C:\\Users\\usuario\\Documents\\md-links\\LIM009-fe-md-links\\src\\index.js": {"path":"C:\\Users\\usuario\\Documents\\md-links\\LIM009-fe-md-links\\src\\index.js","statementMap":{"0":{"start":{"line":5,"column":19},"end":{"line":5,"column":30}},"1":{"start":{"line":8,"column":26},"end":{"line":10,"column":1}},"2":{"start":{"line":9,"column":3},"end":{"line":9,"column":32}},"3":{"start":{"line":12,"column":33},"end":{"line":14,"column":1}},"4":{"start":{"line":13,"column":4},"end":{"line":13,"column":30}},"5":{"start":{"line":16,"column":28},"end":{"line":21,"column":1}},"6":{"start":{"line":17,"column":3},"end":{"line":20,"column":5}},"7":{"start":{"line":19,"column":6},"end":{"line":19,"column":29}},"8":{"start":{"line":23,"column":30},"end":{"line":25,"column":1}},"9":{"start":{"line":24,"column":2},"end":{"line":24,"column":28}},"10":{"start":{"line":28,"column":31},"end":{"line":33,"column":1}},"11":{"start":{"line":29,"column":3},"end":{"line":32,"column":5}},"12":{"start":{"line":31,"column":6},"end":{"line":31,"column":34}},"13":{"start":{"line":38,"column":29},"end":{"line":40,"column":1}},"14":{"start":{"line":39,"column":5},"end":{"line":39,"column":36}},"15":{"start":{"line":45,"column":24},"end":{"line":47,"column":1}},"16":{"start":{"line":46,"column":3},"end":{"line":46,"column":43}},"17":{"start":{"line":52,"column":24},"end":{"line":73,"column":1}},"18":{"start":{"line":53,"column":19},"end":{"line":70,"column":5}},"19":{"start":{"line":54,"column":6},"end":{"line":69,"column":9}},"20":{"start":{"line":55,"column":9},"end":{"line":68,"column":10}},"21":{"start":{"line":56,"column":15},"end":{"line":56,"column":37}},"22":{"start":{"line":57,"column":15},"end":{"line":57,"column":33}},"23":{"start":{"line":60,"column":12},"end":{"line":67,"column":15}},"24":{"start":{"line":62,"column":35},"end":{"line":65,"column":20}},"25":{"start":{"line":63,"column":35},"end":{"line":63,"column":54}},"26":{"start":{"line":64,"column":21},"end":{"line":64,"column":56}},"27":{"start":{"line":66,"column":18},"end":{"line":66,"column":69}},"28":{"start":{"line":66,"column":51},"end":{"line":66,"column":68}},"29":{"start":{"line":72,"column":2},"end":{"line":72,"column":16}},"30":{"start":{"line":79,"column":35},"end":{"line":84,"column":1}},"31":{"start":{"line":80,"column":23},"end":{"line":82,"column":5}},"32":{"start":{"line":81,"column":5},"end":{"line":81,"column":40}},"33":{"start":{"line":83,"column":3},"end":{"line":83,"column":23}},"34":{"start":{"line":89,"column":24},"end":{"line":110,"column":1}},"35":{"start":{"line":90,"column":18},"end":{"line":107,"column":5}},"36":{"start":{"line":91,"column":22},"end":{"line":105,"column":8}},"37":{"start":{"line":92,"column":26},"end":{"line":92,"column":49}},"38":{"start":{"line":93,"column":12},"end":{"line":104,"column":15}},"39":{"start":{"line":94,"column":44},"end":{"line":94,"column":46}},"40":{"start":{"line":95,"column":18},"end":{"line":101,"column":19}},"41":{"start":{"line":96,"column":21},"end":{"line":100,"column":23}},"42":{"start":{"line":102,"column":18},"end":{"line":102,"column":56}},"43":{"start":{"line":103,"column":18},"end":{"line":103,"column":47}},"44":{"start":{"line":106,"column":3},"end":{"line":106,"column":17}},"45":{"start":{"line":108,"column":0},"end":{"line":109,"column":48}},"46":{"start":{"line":109,"column":15},"end":{"line":109,"column":47}}},"fnMap":{"0":{"name":"(anonymous_0)","decl":{"start":{"line":8,"column":26},"end":{"line":8,"column":27}},"loc":{"start":{"line":8,"column":34},"end":{"line":10,"column":1}},"line":8},"1":{"name":"(anonymous_1)","decl":{"start":{"line":12,"column":33},"end":{"line":12,"column":34}},"loc":{"start":{"line":12,"column":41},"end":{"line":14,"column":1}},"line":12},"2":{"name":"(anonymous_2)","decl":{"start":{"line":16,"column":28},"end":{"line":16,"column":29}},"loc":{"start":{"line":16,"column":36},"end":{"line":21,"column":1}},"line":16},"3":{"name":"(anonymous_3)","decl":{"start":{"line":18,"column":10},"end":{"line":18,"column":11}},"loc":{"start":{"line":18,"column":20},"end":{"line":20,"column":4}},"line":18},"4":{"name":"(anonymous_4)","decl":{"start":{"line":23,"column":30},"end":{"line":23,"column":31}},"loc":{"start":{"line":23,"column":38},"end":{"line":25,"column":1}},"line":23},"5":{"name":"(anonymous_5)","decl":{"start":{"line":28,"column":31},"end":{"line":28,"column":32}},"loc":{"start":{"line":28,"column":39},"end":{"line":33,"column":1}},"line":28},"6":{"name":"(anonymous_6)","decl":{"start":{"line":30,"column":10},"end":{"line":30,"column":11}},"loc":{"start":{"line":30,"column":19},"end":{"line":32,"column":4}},"line":30},"7":{"name":"(anonymous_7)","decl":{"start":{"line":38,"column":29},"end":{"line":38,"column":30}},"loc":{"start":{"line":38,"column":37},"end":{"line":40,"column":1}},"line":38},"8":{"name":"(anonymous_8)","decl":{"start":{"line":45,"column":24},"end":{"line":45,"column":25}},"loc":{"start":{"line":45,"column":32},"end":{"line":47,"column":1}},"line":45},"9":{"name":"(anonymous_9)","decl":{"start":{"line":52,"column":24},"end":{"line":52,"column":25}},"loc":{"start":{"line":52,"column":46},"end":{"line":73,"column":1}},"line":52},"10":{"name":"(anonymous_10)","decl":{"start":{"line":53,"column":31},"end":{"line":53,"column":32}},"loc":{"start":{"line":53,"column":44},"end":{"line":70,"column":4}},"line":53},"11":{"name":"(anonymous_11)","decl":{"start":{"line":54,"column":32},"end":{"line":54,"column":33}},"loc":{"start":{"line":54,"column":42},"end":{"line":69,"column":7}},"line":54},"12":{"name":"(anonymous_12)","decl":{"start":{"line":61,"column":21},"end":{"line":61,"column":22}},"loc":{"start":{"line":61,"column":26},"end":{"line":67,"column":13}},"line":61},"13":{"name":"(anonymous_13)","decl":{"start":{"line":62,"column":41},"end":{"line":62,"column":42}},"loc":{"start":{"line":62,"column":48},"end":{"line":65,"column":19}},"line":62},"14":{"name":"(anonymous_14)","decl":{"start":{"line":66,"column":45},"end":{"line":66,"column":46}},"loc":{"start":{"line":66,"column":51},"end":{"line":66,"column":68}},"line":66},"15":{"name":"(anonymous_15)","decl":{"start":{"line":79,"column":35},"end":{"line":79,"column":36}},"loc":{"start":{"line":79,"column":44},"end":{"line":84,"column":1}},"line":79},"16":{"name":"(anonymous_16)","decl":{"start":{"line":80,"column":34},"end":{"line":80,"column":35}},"loc":{"start":{"line":80,"column":42},"end":{"line":82,"column":4}},"line":80},"17":{"name":"(anonymous_17)","decl":{"start":{"line":89,"column":24},"end":{"line":89,"column":25}},"loc":{"start":{"line":89,"column":37},"end":{"line":110,"column":1}},"line":89},"18":{"name":"(anonymous_18)","decl":{"start":{"line":90,"column":30},"end":{"line":90,"column":31}},"loc":{"start":{"line":90,"column":38},"end":{"line":107,"column":4}},"line":90},"19":{"name":"(anonymous_19)","decl":{"start":{"line":91,"column":34},"end":{"line":91,"column":35}},"loc":{"start":{"line":91,"column":45},"end":{"line":105,"column":7}},"line":91},"20":{"name":"(anonymous_20)","decl":{"start":{"line":93,"column":32},"end":{"line":93,"column":33}},"loc":{"start":{"line":93,"column":42},"end":{"line":104,"column":13}},"line":93},"21":{"name":"(anonymous_21)","decl":{"start":{"line":95,"column":34},"end":{"line":95,"column":35}},"loc":{"start":{"line":95,"column":57},"end":{"line":101,"column":19}},"line":95},"22":{"name":"(anonymous_22)","decl":{"start":{"line":109,"column":6},"end":{"line":109,"column":7}},"loc":{"start":{"line":109,"column":15},"end":{"line":109,"column":47}},"line":109}},"branchMap":{"0":{"loc":{"start":{"line":55,"column":9},"end":{"line":68,"column":10}},"type":"if","locations":[{"start":{"line":55,"column":9},"end":{"line":68,"column":10}},{"start":{"line":55,"column":9},"end":{"line":68,"column":10}}],"line":55}},"s":{"0":1,"1":1,"2":0,"3":1,"4":0,"5":1,"6":3,"7":1,"8":1,"9":1,"10":1,"11":1,"12":1,"13":1,"14":1,"15":1,"16":4,"17":1,"18":2,"19":2,"20":0,"21":0,"22":0,"23":0,"24":0,"25":0,"26":0,"27":0,"28":0,"29":2,"30":1,"31":1,"32":2,"33":1,"34":1,"35":2,"36":3,"37":3,"38":3,"39":0,"40":0,"41":0,"42":0,"43":0,"44":3,"45":2,"46":0},"f":{"0":0,"1":0,"2":3,"3":1,"4":1,"5":1,"6":1,"7":1,"8":4,"9":2,"10":2,"11":0,"12":0,"13":0,"14":0,"15":1,"16":2,"17":2,"18":3,"19":3,"20":0,"21":0,"22":0},"b":{"0":[0,0]},"_coverageSchema":"43e27e138ebf9cfc5966b082cf9a028302ed4184","hash":"5437f8a0ba43341e61201a902fd7ea904cadadc6"}
}
