{"/home/marjorie/Documentos/md-links/LIM009-fe-md-links/src/index.js": {"path":"/home/marjorie/Documentos/md-links/LIM009-fe-md-links/src/index.js","statementMap":{"0":{"start":{"line":4,"column":19},"end":{"line":4,"column":30}},"1":{"start":{"line":7,"column":26},"end":{"line":9,"column":1}},"2":{"start":{"line":8,"column":3},"end":{"line":8,"column":32}},"3":{"start":{"line":11,"column":33},"end":{"line":13,"column":1}},"4":{"start":{"line":12,"column":4},"end":{"line":12,"column":30}},"5":{"start":{"line":15,"column":28},"end":{"line":20,"column":1}},"6":{"start":{"line":16,"column":3},"end":{"line":19,"column":6}},"7":{"start":{"line":18,"column":6},"end":{"line":18,"column":29}},"8":{"start":{"line":22,"column":30},"end":{"line":24,"column":1}},"9":{"start":{"line":23,"column":2},"end":{"line":23,"column":28}},"10":{"start":{"line":27,"column":31},"end":{"line":32,"column":1}},"11":{"start":{"line":28,"column":3},"end":{"line":31,"column":5}},"12":{"start":{"line":30,"column":6},"end":{"line":30,"column":34}},"13":{"start":{"line":37,"column":29},"end":{"line":39,"column":1}},"14":{"start":{"line":38,"column":5},"end":{"line":38,"column":36}},"15":{"start":{"line":44,"column":24},"end":{"line":46,"column":1}},"16":{"start":{"line":45,"column":3},"end":{"line":45,"column":43}},"17":{"start":{"line":51,"column":25},"end":{"line":73,"column":1}},"18":{"start":{"line":52,"column":19},"end":{"line":70,"column":5}},"19":{"start":{"line":53,"column":6},"end":{"line":68,"column":70}},"20":{"start":{"line":54,"column":9},"end":{"line":67,"column":10}},"21":{"start":{"line":55,"column":15},"end":{"line":55,"column":37}},"22":{"start":{"line":56,"column":15},"end":{"line":56,"column":33}},"23":{"start":{"line":59,"column":12},"end":{"line":66,"column":15}},"24":{"start":{"line":61,"column":35},"end":{"line":64,"column":20}},"25":{"start":{"line":62,"column":35},"end":{"line":62,"column":54}},"26":{"start":{"line":63,"column":21},"end":{"line":63,"column":56}},"27":{"start":{"line":65,"column":18},"end":{"line":65,"column":69}},"28":{"start":{"line":65,"column":51},"end":{"line":65,"column":68}},"29":{"start":{"line":68,"column":24},"end":{"line":68,"column":69}},"30":{"start":{"line":72,"column":2},"end":{"line":72,"column":16}},"31":{"start":{"line":79,"column":35},"end":{"line":84,"column":1}},"32":{"start":{"line":80,"column":23},"end":{"line":82,"column":5}},"33":{"start":{"line":81,"column":5},"end":{"line":81,"column":40}},"34":{"start":{"line":83,"column":3},"end":{"line":83,"column":23}},"35":{"start":{"line":89,"column":24},"end":{"line":110,"column":1}},"36":{"start":{"line":90,"column":18},"end":{"line":107,"column":5}},"37":{"start":{"line":91,"column":22},"end":{"line":105,"column":8}},"38":{"start":{"line":92,"column":26},"end":{"line":92,"column":49}},"39":{"start":{"line":93,"column":12},"end":{"line":104,"column":15}},"40":{"start":{"line":94,"column":44},"end":{"line":94,"column":46}},"41":{"start":{"line":95,"column":18},"end":{"line":101,"column":19}},"42":{"start":{"line":96,"column":21},"end":{"line":100,"column":23}},"43":{"start":{"line":102,"column":18},"end":{"line":102,"column":56}},"44":{"start":{"line":103,"column":18},"end":{"line":103,"column":47}},"45":{"start":{"line":106,"column":3},"end":{"line":106,"column":17}},"46":{"start":{"line":108,"column":0},"end":{"line":109,"column":48}},"47":{"start":{"line":109,"column":15},"end":{"line":109,"column":47}}},"fnMap":{"0":{"name":"(anonymous_0)","decl":{"start":{"line":7,"column":26},"end":{"line":7,"column":27}},"loc":{"start":{"line":7,"column":34},"end":{"line":9,"column":1}},"line":7},"1":{"name":"(anonymous_1)","decl":{"start":{"line":11,"column":33},"end":{"line":11,"column":34}},"loc":{"start":{"line":11,"column":41},"end":{"line":13,"column":1}},"line":11},"2":{"name":"(anonymous_2)","decl":{"start":{"line":15,"column":28},"end":{"line":15,"column":29}},"loc":{"start":{"line":15,"column":36},"end":{"line":20,"column":1}},"line":15},"3":{"name":"(anonymous_3)","decl":{"start":{"line":17,"column":10},"end":{"line":17,"column":11}},"loc":{"start":{"line":17,"column":20},"end":{"line":19,"column":4}},"line":17},"4":{"name":"(anonymous_4)","decl":{"start":{"line":22,"column":30},"end":{"line":22,"column":31}},"loc":{"start":{"line":22,"column":38},"end":{"line":24,"column":1}},"line":22},"5":{"name":"(anonymous_5)","decl":{"start":{"line":27,"column":31},"end":{"line":27,"column":32}},"loc":{"start":{"line":27,"column":39},"end":{"line":32,"column":1}},"line":27},"6":{"name":"(anonymous_6)","decl":{"start":{"line":29,"column":10},"end":{"line":29,"column":11}},"loc":{"start":{"line":29,"column":19},"end":{"line":31,"column":4}},"line":29},"7":{"name":"(anonymous_7)","decl":{"start":{"line":37,"column":29},"end":{"line":37,"column":30}},"loc":{"start":{"line":37,"column":37},"end":{"line":39,"column":1}},"line":37},"8":{"name":"(anonymous_8)","decl":{"start":{"line":44,"column":24},"end":{"line":44,"column":25}},"loc":{"start":{"line":44,"column":32},"end":{"line":46,"column":1}},"line":44},"9":{"name":"(anonymous_9)","decl":{"start":{"line":51,"column":25},"end":{"line":51,"column":26}},"loc":{"start":{"line":51,"column":47},"end":{"line":73,"column":1}},"line":51},"10":{"name":"(anonymous_10)","decl":{"start":{"line":52,"column":31},"end":{"line":52,"column":32}},"loc":{"start":{"line":52,"column":42},"end":{"line":70,"column":4}},"line":52},"11":{"name":"(anonymous_11)","decl":{"start":{"line":53,"column":32},"end":{"line":53,"column":33}},"loc":{"start":{"line":53,"column":42},"end":{"line":68,"column":7}},"line":53},"12":{"name":"(anonymous_12)","decl":{"start":{"line":60,"column":21},"end":{"line":60,"column":22}},"loc":{"start":{"line":60,"column":26},"end":{"line":66,"column":13}},"line":60},"13":{"name":"(anonymous_13)","decl":{"start":{"line":61,"column":41},"end":{"line":61,"column":42}},"loc":{"start":{"line":61,"column":48},"end":{"line":64,"column":19}},"line":61},"14":{"name":"(anonymous_14)","decl":{"start":{"line":65,"column":45},"end":{"line":65,"column":46}},"loc":{"start":{"line":65,"column":51},"end":{"line":65,"column":68}},"line":65},"15":{"name":"(anonymous_15)","decl":{"start":{"line":68,"column":15},"end":{"line":68,"column":16}},"loc":{"start":{"line":68,"column":24},"end":{"line":68,"column":69}},"line":68},"16":{"name":"(anonymous_16)","decl":{"start":{"line":79,"column":35},"end":{"line":79,"column":36}},"loc":{"start":{"line":79,"column":44},"end":{"line":84,"column":1}},"line":79},"17":{"name":"(anonymous_17)","decl":{"start":{"line":80,"column":34},"end":{"line":80,"column":35}},"loc":{"start":{"line":80,"column":42},"end":{"line":82,"column":4}},"line":80},"18":{"name":"(anonymous_18)","decl":{"start":{"line":89,"column":24},"end":{"line":89,"column":25}},"loc":{"start":{"line":89,"column":37},"end":{"line":110,"column":1}},"line":89},"19":{"name":"(anonymous_19)","decl":{"start":{"line":90,"column":30},"end":{"line":90,"column":31}},"loc":{"start":{"line":90,"column":38},"end":{"line":107,"column":4}},"line":90},"20":{"name":"(anonymous_20)","decl":{"start":{"line":91,"column":34},"end":{"line":91,"column":35}},"loc":{"start":{"line":91,"column":45},"end":{"line":105,"column":7}},"line":91},"21":{"name":"(anonymous_21)","decl":{"start":{"line":93,"column":32},"end":{"line":93,"column":33}},"loc":{"start":{"line":93,"column":42},"end":{"line":104,"column":13}},"line":93},"22":{"name":"(anonymous_22)","decl":{"start":{"line":95,"column":34},"end":{"line":95,"column":35}},"loc":{"start":{"line":95,"column":57},"end":{"line":101,"column":19}},"line":95},"23":{"name":"(anonymous_23)","decl":{"start":{"line":109,"column":6},"end":{"line":109,"column":7}},"loc":{"start":{"line":109,"column":15},"end":{"line":109,"column":47}},"line":109}},"branchMap":{"0":{"loc":{"start":{"line":54,"column":9},"end":{"line":67,"column":10}},"type":"if","locations":[{"start":{"line":54,"column":9},"end":{"line":67,"column":10}},{"start":{"line":54,"column":9},"end":{"line":67,"column":10}}],"line":54}},"s":{"0":1,"1":1,"2":2,"3":1,"4":1,"5":1,"6":12,"7":12,"8":1,"9":1,"10":1,"11":1,"12":1,"13":1,"14":5,"15":1,"16":6,"17":1,"18":11,"19":11,"20":11,"21":7,"22":7,"23":4,"24":4,"25":10,"26":10,"27":4,"28":4,"29":0,"30":11,"31":1,"32":1,"33":2,"34":1,"35":1,"36":3,"37":5,"38":5,"39":5,"40":0,"41":0,"42":0,"43":0,"44":0,"45":5,"46":3,"47":0},"f":{"0":2,"1":1,"2":12,"3":12,"4":1,"5":1,"6":1,"7":5,"8":6,"9":11,"10":11,"11":11,"12":4,"13":10,"14":4,"15":0,"16":1,"17":2,"18":3,"19":5,"20":5,"21":0,"22":0,"23":0},"b":{"0":[7,4]},"_coverageSchema":"43e27e138ebf9cfc5966b082cf9a028302ed4184","hash":"ada99539fedb48118b8071cf5d8011de17d80180"}
,"/home/marjorie/Documentos/md-links/LIM009-fe-md-links/src/stats.js": {"path":"/home/marjorie/Documentos/md-links/LIM009-fe-md-links/src/stats.js","statementMap":{"0":{"start":{"line":1,"column":28},"end":{"line":20,"column":7}},"1":{"start":{"line":2,"column":20},"end":{"line":2,"column":51}},"2":{"start":{"line":2,"column":41},"end":{"line":2,"column":50}},"3":{"start":{"line":3,"column":6},"end":{"line":19,"column":10}},"4":{"start":{"line":4,"column":31},"end":{"line":6,"column":17}},"5":{"start":{"line":5,"column":15},"end":{"line":5,"column":48}},"6":{"start":{"line":7,"column":27},"end":{"line":11,"column":16}},"7":{"start":{"line":12,"column":12},"end":{"line":12,"column":24}},"8":{"start":{"line":14,"column":26},"end":{"line":17,"column":13}},"9":{"start":{"line":18,"column":12},"end":{"line":18,"column":24}}},"fnMap":{"0":{"name":"(anonymous_0)","decl":{"start":{"line":1,"column":28},"end":{"line":1,"column":29}},"loc":{"start":{"line":1,"column":42},"end":{"line":20,"column":7}},"line":1},"1":{"name":"(anonymous_1)","decl":{"start":{"line":2,"column":33},"end":{"line":2,"column":34}},"loc":{"start":{"line":2,"column":41},"end":{"line":2,"column":50}},"line":2},"2":{"name":"(anonymous_2)","decl":{"start":{"line":4,"column":47},"end":{"line":4,"column":48}},"loc":{"start":{"line":4,"column":55},"end":{"line":6,"column":16}},"line":4}},"branchMap":{"0":{"loc":{"start":{"line":3,"column":6},"end":{"line":19,"column":10}},"type":"if","locations":[{"start":{"line":3,"column":6},"end":{"line":19,"column":10}},{"start":{"line":3,"column":6},"end":{"line":19,"column":10}}],"line":3},"1":{"loc":{"start":{"line":3,"column":9},"end":{"line":3,"column":69}},"type":"binary-expr","locations":[{"start":{"line":3,"column":9},"end":{"line":3,"column":29}},{"start":{"line":3,"column":33},"end":{"line":3,"column":69}}],"line":3}},"s":{"0":1,"1":2,"2":6,"3":2,"4":1,"5":3,"6":1,"7":1,"8":1,"9":1},"f":{"0":2,"1":6,"2":3},"b":{"0":[1,1],"1":[2,2]},"_coverageSchema":"43e27e138ebf9cfc5966b082cf9a028302ed4184","hash":"088c92f7fe64ae7e94d1c39b9f0a0978f7944bd0"}
,"/home/marjorie/Documentos/md-links/LIM009-fe-md-links/src/validate.js": {"path":"/home/marjorie/Documentos/md-links/LIM009-fe-md-links/src/validate.js","statementMap":{"0":{"start":{"line":3,"column":28},"end":{"line":28,"column":1}},"1":{"start":{"line":4,"column":19},"end":{"line":26,"column":3}},"2":{"start":{"line":5,"column":4},"end":{"line":25,"column":6}},"3":{"start":{"line":6,"column":7},"end":{"line":24,"column":10}},"4":{"start":{"line":8,"column":10},"end":{"line":19,"column":11}},"5":{"start":{"line":9,"column":13},"end":{"line":10,"column":50}},"6":{"start":{"line":11,"column":13},"end":{"line":11,"column":26}},"7":{"start":{"line":15,"column":13},"end":{"line":16,"column":37}},"8":{"start":{"line":17,"column":13},"end":{"line":17,"column":26}},"9":{"start":{"line":21,"column":13},"end":{"line":21,"column":40}},"10":{"start":{"line":22,"column":13},"end":{"line":22,"column":37}},"11":{"start":{"line":23,"column":13},"end":{"line":23,"column":26}},"12":{"start":{"line":27,"column":2},"end":{"line":27,"column":28}}},"fnMap":{"0":{"name":"(anonymous_0)","decl":{"start":{"line":3,"column":28},"end":{"line":3,"column":29}},"loc":{"start":{"line":3,"column":42},"end":{"line":28,"column":1}},"line":3},"1":{"name":"(anonymous_1)","decl":{"start":{"line":4,"column":32},"end":{"line":4,"column":33}},"loc":{"start":{"line":4,"column":40},"end":{"line":26,"column":2}},"line":4},"2":{"name":"(anonymous_2)","decl":{"start":{"line":5,"column":24},"end":{"line":5,"column":25}},"loc":{"start":{"line":5,"column":35},"end":{"line":25,"column":5}},"line":5},"3":{"name":"(anonymous_3)","decl":{"start":{"line":7,"column":12},"end":{"line":7,"column":13}},"loc":{"start":{"line":7,"column":24},"end":{"line":20,"column":8}},"line":7},"4":{"name":"(anonymous_4)","decl":{"start":{"line":20,"column":16},"end":{"line":20,"column":17}},"loc":{"start":{"line":20,"column":27},"end":{"line":24,"column":8}},"line":20}},"branchMap":{"0":{"loc":{"start":{"line":8,"column":10},"end":{"line":19,"column":11}},"type":"if","locations":[{"start":{"line":8,"column":10},"end":{"line":19,"column":11}},{"start":{"line":8,"column":10},"end":{"line":19,"column":11}}],"line":8},"1":{"loc":{"start":{"line":8,"column":13},"end":{"line":8,"column":56}},"type":"binary-expr","locations":[{"start":{"line":8,"column":13},"end":{"line":8,"column":33}},{"start":{"line":8,"column":37},"end":{"line":8,"column":56}}],"line":8}},"s":{"0":1,"1":3,"2":3,"3":3,"4":2,"5":1,"6":1,"7":1,"8":1,"9":1,"10":1,"11":1,"12":3},"f":{"0":3,"1":3,"2":3,"3":2,"4":1},"b":{"0":[1,1],"1":[2,2]},"_coverageSchema":"43e27e138ebf9cfc5966b082cf9a028302ed4184","hash":"6be93c5adce0f7e00582e53ddfb0467d856825cf"}
}
