TN:
SF:/home/marjorie/Documentos/md-links/LIM009-fe-md-links/src/index.js
FN:7,(anonymous_0)
FN:11,(anonymous_1)
FN:15,(anonymous_2)
FN:18,(anonymous_3)
FN:23,(anonymous_4)
FN:44,(anonymous_5)
FN:46,(anonymous_6)
FN:54,(anonymous_7)
FN:56,(anonymous_8)
FN:63,(anonymous_9)
FN:65,(anonymous_10)
FN:66,(anonymous_11)
FN:71,(anonymous_12)
FN:73,(anonymous_13)
FNF:14
FNH:2
FNDA:2,(anonymous_0)
FNDA:2,(anonymous_1)
FNDA:0,(anonymous_2)
FNDA:0,(anonymous_3)
FNDA:0,(anonymous_4)
FNDA:0,(anonymous_5)
FNDA:0,(anonymous_6)
FNDA:0,(anonymous_7)
FNDA:0,(anonymous_8)
FNDA:0,(anonymous_9)
FNDA:0,(anonymous_10)
FNDA:0,(anonymous_11)
FNDA:0,(anonymous_12)
FNDA:0,(anonymous_13)
DA:4,1
DA:7,1
DA:8,2
DA:11,1
DA:12,2
DA:15,1
DA:17,0
DA:19,0
DA:23,1
DA:24,0
DA:29,1
DA:30,1
DA:44,1
DA:45,0
DA:47,0
DA:54,1
DA:55,0
DA:57,0
DA:63,1
DA:64,0
DA:65,0
DA:66,0
DA:71,1
DA:72,0
DA:73,0
LF:25
LH:13
BRF:0
BRH:0
end_of_record
