TN:
SF:/home/marjorie/Documentos/md-links/LIM009-fe-md-links/src/index.js
FN:7,(anonymous_0)
FN:11,(anonymous_1)
FN:15,(anonymous_2)
FN:17,(anonymous_3)
FN:22,(anonymous_4)
FN:27,(anonymous_5)
FN:29,(anonymous_6)
FN:37,(anonymous_7)
FN:44,(anonymous_8)
FN:51,(anonymous_9)
FN:52,(anonymous_10)
FN:53,(anonymous_11)
FN:60,(anonymous_12)
FN:61,(anonymous_13)
FN:65,(anonymous_14)
FN:78,(anonymous_15)
FN:79,(anonymous_16)
FN:88,(anonymous_17)
FN:89,(anonymous_18)
FN:90,(anonymous_19)
FN:92,(anonymous_20)
FN:94,(anonymous_21)
FN:108,(anonymous_22)
FNF:23
FNH:16
FNDA:2,(anonymous_0)
FNDA:1,(anonymous_1)
FNDA:3,(anonymous_2)
FNDA:1,(anonymous_3)
FNDA:1,(anonymous_4)
FNDA:1,(anonymous_5)
FNDA:1,(anonymous_6)
FNDA:1,(anonymous_7)
FNDA:6,(anonymous_8)
FNDA:2,(anonymous_9)
FNDA:2,(anonymous_10)
FNDA:0,(anonymous_11)
FNDA:0,(anonymous_12)
FNDA:0,(anonymous_13)
FNDA:0,(anonymous_14)
FNDA:1,(anonymous_15)
FNDA:2,(anonymous_16)
FNDA:3,(anonymous_17)
FNDA:5,(anonymous_18)
FNDA:5,(anonymous_19)
FNDA:0,(anonymous_20)
FNDA:0,(anonymous_21)
FNDA:0,(anonymous_22)
DA:4,1
DA:7,1
DA:8,2
DA:11,1
DA:12,1
DA:15,1
DA:16,3
DA:18,1
DA:22,1
DA:23,1
DA:27,1
DA:28,1
DA:30,1
DA:37,1
DA:38,1
DA:44,1
DA:45,6
DA:51,1
DA:52,2
DA:53,2
DA:54,0
DA:55,0
DA:56,0
DA:59,0
DA:61,0
DA:62,0
DA:63,0
DA:65,0
DA:71,2
DA:78,1
DA:79,1
DA:80,2
DA:82,1
DA:88,1
DA:89,3
DA:90,5
DA:91,5
DA:92,5
DA:93,0
DA:94,0
DA:95,0
DA:101,0
DA:102,0
DA:105,5
DA:107,3
DA:108,0
LF:46
LH:32
BRDA:54,0,0,0
BRDA:54,0,1,0
BRF:2
BRH:0
end_of_record
TN:
SF:/home/marjorie/Documentos/md-links/LIM009-fe-md-links/src/validate.js
FN:3,(anonymous_0)
FN:4,(anonymous_1)
FN:5,(anonymous_2)
FN:7,(anonymous_3)
FN:20,(anonymous_4)
FNF:5
FNH:4
FNDA:1,(anonymous_0)
FNDA:1,(anonymous_1)
FNDA:1,(anonymous_2)
FNDA:1,(anonymous_3)
FNDA:0,(anonymous_4)
DA:3,1
DA:4,1
DA:5,1
DA:6,1
DA:8,1
DA:9,1
DA:11,1
DA:15,0
DA:17,0
DA:21,0
DA:23,0
DA:27,1
LF:12
LH:8
BRDA:8,0,0,1
BRDA:8,0,1,0
BRDA:8,1,0,1
BRDA:8,1,1,1
BRF:4
BRH:3
end_of_record
